<?xml version="1.0" encoding="UTF-8"?>
<!-- Generated by org.testng.reporters.JUnitReportReporter -->
<testsuite hostname="Dru" failures="0" tests="1" name="assessment.FloatingMenu" time="0.254" errors="0" timestamp="2022-10-15T10:45:24 EDT" skipped="0">
  <testcase classname="assessment.FloatingMenu" name="floating_menu_test" time="0.254"/>
  <system-out/>
</testsuite> <!-- assessment.FloatingMenu -->
