<?xml version="1.0" encoding="UTF-8"?>
<!-- Generated by org.testng.reporters.JUnitReportReporter -->
<testsuite hostname="Dru" failures="0" tests="3" name="assessment.JavasScriptAlert" time="0.516" errors="0" timestamp="2022-10-15T10:45:24 EDT" skipped="0">
  <testcase classname="assessment.JavasScriptAlert" name="javascript_simple_alert_test" time="0.191"/>
  <system-out/>
  <testcase classname="assessment.JavasScriptAlert" name="javascript_confirmation_alert_test" time="0.154"/>
  <system-out/>
  <testcase classname="assessment.JavasScriptAlert" name="javascript_prompt_alert_test" time="0.171"/>
  <system-out/>
</testsuite> <!-- assessment.JavasScriptAlert -->
