<?xml version="1.0" encoding="UTF-8"?>
<!-- Generated by org.testng.reporters.JUnitReportReporter -->
<testsuite hostname="Dru" failures="0" tests="1" name="assessment.DropDown" time="0.445" errors="0" timestamp="2022-10-15T10:45:24 EDT" skipped="0">
  <testcase classname="assessment.DropDown" name="dropdown_test" time="0.445"/>
  <system-out/>
</testsuite> <!-- assessment.DropDown -->
