<?xml version="1.0" encoding="UTF-8"?>
<!-- Generated by org.testng.reporters.JUnitReportReporter -->
<testsuite hostname="Dru" failures="0" tests="1" name="assessment.ContextMenu" time="0.350" errors="0" timestamp="2022-10-15T10:45:24 EDT" skipped="0">
  <testcase classname="assessment.ContextMenu" name="right_click_alert_trigger_test" time="0.350"/>
  <system-out/>
</testsuite> <!-- assessment.ContextMenu -->
