<?xml version="1.0" encoding="UTF-8"?>
<!-- Generated by org.testng.reporters.JUnitReportReporter -->
<testsuite hostname="Dru" failures="0" tests="1" name="assessment.IFrame" time="1.539" errors="0" timestamp="2022-10-15T10:45:24 EDT" skipped="0">
  <testcase classname="assessment.IFrame" name="iframe_test" time="1.539"/>
  <system-out/>
</testsuite> <!-- assessment.IFrame -->
