<?xml version="1.0" encoding="UTF-8"?>
<!-- Generated by org.testng.reporters.JUnitReportReporter -->
<testsuite hostname="Dru" failures="0" tests="1" name="assessment.DynamicWait" time="5.229" errors="0" timestamp="2022-10-15T10:45:24 EDT" skipped="0">
  <testcase classname="assessment.DynamicWait" name="dynamic_wait_test" time="5.229"/>
  <system-out/>
</testsuite> <!-- assessment.DynamicWait -->
