<?xml version="1.0" encoding="UTF-8"?>
<!-- Generated by org.testng.reporters.JUnitReportReporter -->
<testsuite hostname="Dru" failures="0" tests="1" name="assessment.OpeningNewWindow" time="0.308" errors="0" timestamp="2022-10-15T10:45:24 EDT" skipped="0">
  <testcase classname="assessment.OpeningNewWindow" name="open_in_new_tab_test" time="0.308"/>
  <system-out/>
</testsuite> <!-- assessment.OpeningNewWindow -->
