<?xml version="1.0" encoding="UTF-8"?>
<!-- Generated by org.testng.reporters.JUnitReportReporter -->
<testsuite hostname="Dru" failures="0" tests="3" name="assessment.LoginValidation" time="1.378" errors="0" timestamp="2022-10-15T10:45:24 EDT" skipped="0">
  <testcase classname="assessment.LoginValidation" name="login_success" time="0.530"/>
  <system-out/>
  <testcase classname="assessment.LoginValidation" name="login_failure_invalid_username_message" time="0.462"/>
  <system-out/>
  <testcase classname="assessment.LoginValidation" name="login_failure_invalid_password_message" time="0.386"/>
  <system-out/>
</testsuite> <!-- assessment.LoginValidation -->
