<?xml version="1.0" encoding="UTF-8"?>
<!-- Generated by org.testng.reporters.JUnitReportReporter -->
<testsuite hostname="Dru" failures="0" tests="1" name="assessment.NotificationMessage" time="1.553" errors="0" timestamp="2022-10-15T10:45:24 EDT" skipped="0">
  <testcase classname="assessment.NotificationMessage" name="notification_message_test" time="1.553"/>
  <system-out/>
</testsuite> <!-- assessment.NotificationMessage -->
